<?xml version="1.0" encoding="UTF-8"?>
<testng-results skipped="0" failed="0" total="1" passed="1">
  <reporter-output>
  </reporter-output>
  <suite name="Suite" duration-ms="16084" started-at="2020-01-31T19:43:56Z" finished-at="2020-01-31T19:44:12Z">
    <groups>
    </groups>
    <test name="Test" duration-ms="16084" started-at="2020-01-31T19:43:56Z" finished-at="2020-01-31T19:44:12Z">
      <class name="TestJenkins.JenkinsTestNGDemo">
        <test-method status="PASS" signature="setUp()[pri:0, instance:TestJenkins.JenkinsTestNGDemo@6842775d]" name="setUp" is-config="true" duration-ms="8635" started-at="2020-02-01T01:13:56Z" finished-at="2020-02-01T01:14:04Z">
          <reporter-output>
          </reporter-output>
        </test-method> <!-- setUp -->
        <test-method status="PASS" signature="openSite()[pri:0, instance:TestJenkins.JenkinsTestNGDemo@6842775d]" name="openSite" duration-ms="5989" started-at="2020-02-01T01:14:04Z" finished-at="2020-02-01T01:14:10Z">
          <reporter-output>
          </reporter-output>
        </test-method> <!-- openSite -->
        <test-method status="PASS" signature="done()[pri:0, instance:TestJenkins.JenkinsTestNGDemo@6842775d]" name="done" is-config="true" duration-ms="1452" started-at="2020-02-01T01:14:10Z" finished-at="2020-02-01T01:14:12Z">
          <reporter-output>
          </reporter-output>
        </test-method> <!-- done -->
      </class> <!-- TestJenkins.JenkinsTestNGDemo -->
    </test> <!-- Test -->
  </suite> <!-- Suite -->
</testng-results>
